<?xml version="1.0" encoding="UTF-8"?>
<testng-results skipped="0" failed="0" ignored="0" total="1" passed="1">
  <reporter-output>
  </reporter-output>
  <suite name="Default suite" duration-ms="10016" started-at="2019-07-24T12:30:18Z" finished-at="2019-07-24T12:30:28Z">
    <groups>
    </groups>
    <test name="Default test" duration-ms="10016" started-at="2019-07-24T12:30:18Z" finished-at="2019-07-24T12:30:28Z">
      <class name="ListenersDemo.myFirstTestCaseWithListener">
        <test-method status="PASS" signature="GoogleTitleVarify()[pri:0, instance:ListenersDemo.myFirstTestCaseWithListener@45820e51]" name="GoogleTitleVarify" duration-ms="9906" started-at="2019-07-24T12:30:18Z" finished-at="2019-07-24T12:30:28Z">
          <reporter-output>
          </reporter-output>
        </test-method> <!-- GoogleTitleVarify -->
      </class> <!-- ListenersDemo.myFirstTestCaseWithListener -->
    </test> <!-- Default test -->
  </suite> <!-- Default suite -->
</testng-results>
